<?xml version="1.0" encoding="UTF-8"?>
<!-- Generated by org.testng.reporters.JUnitXMLReporter -->
<testsuite ignored="4" hostname="LAVANYAB-PC" failures="1" tests="1" name="ReviewAndSign_Finish" time="4.658" errors="0" timestamp="2025-06-10T16:47:42 IST">
  <testcase classname="docuexec.EnduserAllModules.ReviewAndSign" name="ReviewandSignfinish" time="0.017">
    <failure type="java.lang.Error" message="Unresolved compilation problem: 
	stagingurl cannot be resolved to a variable
">
      <![CDATA[java.lang.Error: Unresolved compilation problem: 
stagingurl cannot be resolved to a variable

at docuexec.EnduserAllModules.ReviewAndSign.testLogin(ReviewAndSign.java:215)
at docuexec.EnduserAllModules.ReviewAndSign.ReviewandSignfinish(ReviewAndSign.java:26)
at java.base/java.util.ArrayList.forEach(ArrayList.java:1511)
... Removed 27 stack frames]]>
    </failure>
  </testcase> <!-- ReviewandSignfinish -->
  <testcase classname="docuexec.EnduserAllModules.ReviewAndSign" name="ReviewandSignDiscardAndSign" time="0.0">
    <ignored/>
  </testcase> <!-- ReviewandSignDiscardAndSign -->
  <testcase classname="docuexec.EnduserAllModules.ReviewAndSign" name="ReviewandSigndiscard" time="0.0">
    <ignored/>
  </testcase> <!-- ReviewandSigndiscard -->
  <testcase classname="docuexec.EnduserAllModules.Baseclass" name="testLogin" time="0.0">
    <ignored/>
  </testcase> <!-- testLogin -->
  <testcase classname="docuexec.EnduserAllModules.Baseclass" name="testLogout" time="0.0">
    <ignored/>
  </testcase> <!-- testLogout -->
</testsuite> <!-- ReviewAndSign_Finish -->
