<?xml version="1.0" encoding="UTF-8"?>
<!-- Generated by org.testng.reporters.JUnitXMLReporter -->
<testsuite ignored="35" hostname="LAVANYAB-PC" failures="1" tests="1" name="Default test" time="76.568" errors="0" timestamp="2025-06-11T06:59:29 IST">
  <testcase classname="docuexec.EnduserAllModules.PendingAction" name="loginAndSignDocumentsThreeTimes" time="72.511">
    <failure type="org.openqa.selenium.NoSuchElementException" message="no such element: Unable to locate element: {&amp;quot;method&amp;quot;:&amp;quot;css selector&amp;quot;,&amp;quot;selector&amp;quot;:&amp;quot;#append&amp;quot;}
  (Session info: chrome=137.0.7151.69)
For documentation on this error, please visit: https://www.selenium.dev/documentation/webdriver/troubleshooting/errors#no-such-element-exception
Build info: version: &amp;apos;4.18.1&amp;apos;, revision: &amp;apos;b1d3319b48&amp;apos;
System info: os.name: &amp;apos;Windows 11&amp;apos;, os.arch: &amp;apos;amd64&amp;apos;, os.version: &amp;apos;10.0&amp;apos;, java.version: &amp;apos;17.0.9&amp;apos;
Driver info: org.openqa.selenium.chrome.ChromeDriver
Command: [bf89c138724939c2ddf76f37ddd4caea, findElement {using=css selector, value=#append}]
Capabilities {acceptInsecureCerts: false, browserName: chrome, browserVersion: 137.0.7151.69, chrome: {chromedriverVersion: 137.0.7151.68 (2989ffee9373..., userDataDir: C:\Users\LAVANY~1.FIN\AppDa...}, fedcm:accounts: true, goog:chromeOptions: {debuggerAddress: localhost:63515}, networkConnectionEnabled: false, pageLoadStrategy: normal, platformName: windows, proxy: Proxy(), se:cdp: ws://localhost:63515/devtoo..., se:cdpVersion: 137.0.7151.69, setWindowRect: true, strictFileInteractability: false, timeouts: {implicit: 0, pageLoad: 300000, script: 30000}, unhandledPromptBehavior: dismiss and notify, webauthn:extension:credBlob: true, webauthn:extension:largeBlob: true, webauthn:extension:minPinLength: true, webauthn:extension:prf: true, webauthn:virtualAuthenticators: true}
Session ID: bf89c138724939c2ddf76f37ddd4caea">
      <![CDATA[org.openqa.selenium.NoSuchElementException: no such element: Unable to locate element: {"method":"css selector","selector":"#append"}
  (Session info: chrome=137.0.7151.69)
For documentation on this error, please visit: https://www.selenium.dev/documentation/webdriver/troubleshooting/errors#no-such-element-exception
Build info: version: '4.18.1', revision: 'b1d3319b48'
System info: os.name: 'Windows 11', os.arch: 'amd64', os.version: '10.0', java.version: '17.0.9'
Driver info: org.openqa.selenium.chrome.ChromeDriver
Command: [bf89c138724939c2ddf76f37ddd4caea, findElement {using=css selector, value=#append}]
Capabilities {acceptInsecureCerts: false, browserName: chrome, browserVersion: 137.0.7151.69, chrome: {chromedriverVersion: 137.0.7151.68 (2989ffee9373..., userDataDir: C:\Users\LAVANY~1.FIN\AppDa...}, fedcm:accounts: true, goog:chromeOptions: {debuggerAddress: localhost:63515}, networkConnectionEnabled: false, pageLoadStrategy: normal, platformName: windows, proxy: Proxy(), se:cdp: ws://localhost:63515/devtoo..., se:cdpVersion: 137.0.7151.69, setWindowRect: true, strictFileInteractability: false, timeouts: {implicit: 0, pageLoad: 300000, script: 30000}, unhandledPromptBehavior: dismiss and notify, webauthn:extension:credBlob: true, webauthn:extension:largeBlob: true, webauthn:extension:minPinLength: true, webauthn:extension:prf: true, webauthn:virtualAuthenticators: true}
Session ID: bf89c138724939c2ddf76f37ddd4caea
at java.base/jdk.internal.reflect.NativeConstructorAccessorImpl.newInstance0(Native Method)
at java.base/jdk.internal.reflect.NativeConstructorAccessorImpl.newInstance(NativeConstructorAccessorImpl.java:77)
at java.base/jdk.internal.reflect.DelegatingConstructorAccessorImpl.newInstance(DelegatingConstructorAccessorImpl.java:45)
at java.base/java.lang.reflect.Constructor.newInstanceWithCaller(Constructor.java:499)
at java.base/java.lang.reflect.Constructor.newInstance(Constructor.java:480)
at org.openqa.selenium.remote.ErrorCodec.decode(ErrorCodec.java:167)
at org.openqa.selenium.remote.codec.w3c.W3CHttpResponseCodec.decode(W3CHttpResponseCodec.java:138)
at org.openqa.selenium.remote.codec.w3c.W3CHttpResponseCodec.decode(W3CHttpResponseCodec.java:50)
at org.openqa.selenium.remote.HttpCommandExecutor.execute(HttpCommandExecutor.java:190)
at org.openqa.selenium.remote.service.DriverCommandExecutor.invokeExecute(DriverCommandExecutor.java:216)
at org.openqa.selenium.remote.service.DriverCommandExecutor.execute(DriverCommandExecutor.java:174)
at org.openqa.selenium.remote.RemoteWebDriver.execute(RemoteWebDriver.java:519)
at org.openqa.selenium.remote.ElementLocation$ElementFinder$2.findElement(ElementLocation.java:165)
at org.openqa.selenium.remote.ElementLocation.findElement(ElementLocation.java:59)
at org.openqa.selenium.remote.RemoteWebDriver.findElement(RemoteWebDriver.java:356)
at org.openqa.selenium.remote.RemoteWebDriver.findElement(RemoteWebDriver.java:350)
at docuexec.EnduserAllModules.PendingAction.enterCurrentPage(PendingAction.java:719)
at docuexec.EnduserAllModules.PendingAction.loginAndSignDocumentsThreeTimes(PendingAction.java:34)
at java.base/jdk.internal.reflect.NativeMethodAccessorImpl.invoke0(Native Method)
at java.base/jdk.internal.reflect.NativeMethodAccessorImpl.invoke(NativeMethodAccessorImpl.java:77)
at java.base/jdk.internal.reflect.DelegatingMethodAccessorImpl.invoke(DelegatingMethodAccessorImpl.java:43)
at java.base/java.lang.reflect.Method.invoke(Method.java:568)
at org.testng.internal.invokers.MethodInvocationHelper.invokeMethod(MethodInvocationHelper.java:139)
at org.testng.internal.invokers.TestInvoker.invokeMethod(TestInvoker.java:664)
at org.testng.internal.invokers.TestInvoker.invokeTestMethod(TestInvoker.java:227)
at org.testng.internal.invokers.MethodRunner.runInSequence(MethodRunner.java:50)
at org.testng.internal.invokers.TestInvoker$MethodInvocationAgent.invoke(TestInvoker.java:957)
at org.testng.internal.invokers.TestInvoker.invokeTestMethods(TestInvoker.java:200)
at org.testng.internal.invokers.TestMethodWorker.invokeTestMethods(TestMethodWorker.java:148)
at org.testng.internal.invokers.TestMethodWorker.run(TestMethodWorker.java:128)
at java.base/java.util.ArrayList.forEach(ArrayList.java:1511)
at org.testng.TestRunner.privateRun(TestRunner.java:848)
at org.testng.TestRunner.run(TestRunner.java:621)
at org.testng.SuiteRunner.runTest(SuiteRunner.java:443)
at org.testng.SuiteRunner.runSequentially(SuiteRunner.java:437)
at org.testng.SuiteRunner.privateRun(SuiteRunner.java:397)
at org.testng.SuiteRunner.run(SuiteRunner.java:336)
at org.testng.SuiteRunnerWorker.runSuite(SuiteRunnerWorker.java:52)
at org.testng.SuiteRunnerWorker.run(SuiteRunnerWorker.java:95)
at org.testng.TestNG.runSuitesSequentially(TestNG.java:1280)
at org.testng.TestNG.runSuitesLocally(TestNG.java:1200)
at org.testng.TestNG.runSuites(TestNG.java:1114)
at org.testng.TestNG.run(TestNG.java:1082)
at org.testng.remote.AbstractRemoteTestNG.run(AbstractRemoteTestNG.java:115)
at org.testng.remote.RemoteTestNG.initAndRun(RemoteTestNG.java:251)
at org.testng.remote.RemoteTestNG.main(RemoteTestNG.java:77)
]]>
    </failure>
  </testcase> <!-- loginAndSignDocumentsThreeTimes -->
  <testcase classname="docuexec.EnduserAllModules.PendingAction" name="E_Finish_PendingActionOnAllPages" time="0.0">
    <ignored/>
  </testcase> <!-- E_Finish_PendingActionOnAllPages -->
  <testcase classname="docuexec.EnduserAllModules.PendingAction" name="E_DSA_PendingActionOnAllPages" time="0.0">
    <ignored/>
  </testcase> <!-- E_DSA_PendingActionOnAllPages -->
  <testcase classname="docuexec.EnduserAllModules.PendingAction" name="E_Finish_PendingActionOnCurrentPage" time="0.0">
    <ignored/>
  </testcase> <!-- E_Finish_PendingActionOnCurrentPage -->
  <testcase classname="docuexec.EnduserAllModules.PendingAction" name="DSC_Finish_PendingActionOnAllPages" time="0.0">
    <ignored/>
  </testcase> <!-- DSC_Finish_PendingActionOnAllPages -->
  <testcase classname="docuexec.EnduserAllModules.PendingAction" name="E_Discard_PendingActionOnCustomPages" time="0.0">
    <ignored/>
  </testcase> <!-- E_Discard_PendingActionOnCustomPages -->
  <testcase classname="docuexec.EnduserAllModules.PendingAction" name="O_Discard_PendingActionOnCurrentPage" time="0.0">
    <ignored/>
  </testcase> <!-- O_Discard_PendingActionOnCurrentPage -->
  <testcase classname="docuexec.EnduserAllModules.PendingAction" name="E_Discard_PendingActionOnAllPages" time="0.0">
    <ignored/>
  </testcase> <!-- E_Discard_PendingActionOnAllPages -->
  <testcase classname="docuexec.EnduserAllModules.PendingAction" name="DSC_Finish_PendingActionOnCustomPages" time="0.0">
    <ignored/>
  </testcase> <!-- DSC_Finish_PendingActionOnCustomPages -->
  <testcase classname="docuexec.EnduserAllModules.PendingAction" name="performOtpSigning" time="0.0">
    <ignored/>
  </testcase> <!-- performOtpSigning -->
  <testcase classname="docuexec.EnduserAllModules.PendingAction" name="DiscardAndSignPendingAction" time="0.0">
    <ignored/>
  </testcase> <!-- DiscardAndSignPendingAction -->
  <testcase classname="docuexec.EnduserAllModules.PendingAction" name="Finish" time="0.0">
    <ignored/>
  </testcase> <!-- Finish -->
  <testcase classname="docuexec.EnduserAllModules.PendingAction" name="DSC_Discard_PendingActionOnCustomPages" time="0.0">
    <ignored/>
  </testcase> <!-- DSC_Discard_PendingActionOnCustomPages -->
  <testcase classname="docuexec.EnduserAllModules.PendingAction" name="DSC_DSA_PendingActionOnAllPages" time="0.0">
    <ignored/>
  </testcase> <!-- DSC_DSA_PendingActionOnAllPages -->
  <testcase classname="docuexec.EnduserAllModules.PendingAction" name="E_Finish_PendingActionOnCustomPages" time="0.0">
    <ignored/>
  </testcase> <!-- E_Finish_PendingActionOnCustomPages -->
  <testcase classname="docuexec.EnduserAllModules.PendingAction" name="E_DSA_PendingActionOnCurrentPage" time="0.0">
    <ignored/>
  </testcase> <!-- E_DSA_PendingActionOnCurrentPage -->
  <testcase classname="docuexec.EnduserAllModules.PendingAction" name="E_Discard_PendingActionOnCurrentPage" time="0.0">
    <ignored/>
  </testcase> <!-- E_Discard_PendingActionOnCurrentPage -->
  <testcase classname="docuexec.EnduserAllModules.Baseclass" name="testLogout" time="0.0">
    <ignored/>
  </testcase> <!-- testLogout -->
  <testcase classname="docuexec.EnduserAllModules.PendingAction" name="DSC_Discard_PendingActionOnAllPages" time="0.0">
    <ignored/>
  </testcase> <!-- DSC_Discard_PendingActionOnAllPages -->
  <testcase classname="docuexec.EnduserAllModules.Baseclass" name="testLogin" time="0.0">
    <ignored/>
  </testcase> <!-- testLogin -->
  <testcase classname="docuexec.EnduserAllModules.PendingAction" name="DSC_DSA_PendingActionOnCustomPages" time="0.0">
    <ignored/>
  </testcase> <!-- DSC_DSA_PendingActionOnCustomPages -->
  <testcase classname="docuexec.EnduserAllModules.PendingAction" name="O_Discard_PendingActionOnCustomPages" time="0.0">
    <ignored/>
  </testcase> <!-- O_Discard_PendingActionOnCustomPages -->
  <testcase classname="docuexec.EnduserAllModules.PendingAction" name="DSC_Discard_PendingActionOnCurrentPage" time="0.0">
    <ignored/>
  </testcase> <!-- DSC_Discard_PendingActionOnCurrentPage -->
  <testcase classname="docuexec.EnduserAllModules.PendingAction" name="O_Finish_PendingActionOnCurrentPage" time="0.0">
    <ignored/>
  </testcase> <!-- O_Finish_PendingActionOnCurrentPage -->
  <testcase classname="docuexec.EnduserAllModules.PendingAction" name="E_DSA_PendingActionOnCustomPages" time="0.0">
    <ignored/>
  </testcase> <!-- E_DSA_PendingActionOnCustomPages -->
  <testcase classname="docuexec.EnduserAllModules.PendingAction" name="O_DSA_PendingActionOnAllPages" time="0.0">
    <ignored/>
  </testcase> <!-- O_DSA_PendingActionOnAllPages -->
  <testcase classname="docuexec.EnduserAllModules.PendingAction" name="DSC_DSA_PendingActionOnCurrentPage" time="0.0">
    <ignored/>
  </testcase> <!-- DSC_DSA_PendingActionOnCurrentPage -->
  <testcase classname="docuexec.EnduserAllModules.PendingAction" name="O_DSA_PendingActionOnCurrentPage" time="0.0">
    <ignored/>
  </testcase> <!-- O_DSA_PendingActionOnCurrentPage -->
  <testcase classname="docuexec.EnduserAllModules.PendingAction" name="DiscardPendingAction" time="0.0">
    <ignored/>
  </testcase> <!-- DiscardPendingAction -->
  <testcase classname="docuexec.EnduserAllModules.PendingAction" name="O_Discard_PendingActionOnAllPages" time="0.0">
    <ignored/>
  </testcase> <!-- O_Discard_PendingActionOnAllPages -->
  <testcase classname="docuexec.EnduserAllModules.PendingAction" name="Discard" time="0.0">
    <ignored/>
  </testcase> <!-- Discard -->
  <testcase classname="docuexec.EnduserAllModules.PendingAction" name="O_Finish_PendingActionOnCustomPages" time="0.0">
    <ignored/>
  </testcase> <!-- O_Finish_PendingActionOnCustomPages -->
  <testcase classname="docuexec.EnduserAllModules.PendingAction" name="DSC_Finish_PendingActionOnCurrentPage" time="0.0">
    <ignored/>
  </testcase> <!-- DSC_Finish_PendingActionOnCurrentPage -->
  <testcase classname="docuexec.EnduserAllModules.PendingAction" name="O_DSA_PendingActionOnCustomPages" time="0.0">
    <ignored/>
  </testcase> <!-- O_DSA_PendingActionOnCustomPages -->
  <testcase classname="docuexec.EnduserAllModules.PendingAction" name="O_Finish_PendingActionOnAllPages" time="0.0">
    <ignored/>
  </testcase> <!-- O_Finish_PendingActionOnAllPages -->
  <testcase classname="docuexec.EnduserAllModules.PendingAction" name="FinishPendingAction" time="0.0">
    <ignored/>
  </testcase> <!-- FinishPendingAction -->
</testsuite> <!-- Default test -->
