<?xml version="1.0" encoding="UTF-8"?>
<!-- Generated by org.testng.reporters.JUnitXMLReporter -->
<testsuite ignored="6" hostname="LAVANYAB-PC" failures="0" tests="0" time="0.002" errors="0" timestamp="2025-06-06T17:45:06 IST">
  <testcase classname="docuexec.EnduserAllModules.AddressBook" name="removeGroup" time="0.0">
    <ignored/>
  </testcase> <!-- removeGroup -->
  <testcase classname="docuexec.EnduserAllModules.Baseclass" name="testLogin" time="0.0">
    <ignored/>
  </testcase> <!-- testLogin -->
  <testcase classname="docuexec.EnduserAllModules.Baseclass" name="testLogout" time="0.0">
    <ignored/>
  </testcase> <!-- testLogout -->
  <testcase classname="docuexec.EnduserAllModules.AddressBook" name="removeuser" time="0.0">
    <ignored/>
  </testcase> <!-- removeuser -->
  <testcase classname="docuexec.EnduserAllModules.AddressBook" name="AddGroup" time="0.0">
    <ignored/>
  </testcase> <!-- AddGroup -->
  <testcase classname="docuexec.EnduserAllModules.AddressBook" name="AddIndividual" time="0.0">
    <ignored/>
  </testcase> <!-- AddIndividual -->
</testsuite>
